[1.593s] DEBUG:colcon:Command line arguments: ['/usr/bin/colcon', 'build']
[1.594s] DEBUG:colcon:Parsed command line arguments: Namespace(log_base=None, log_level=None, verb_name='build', build_base='build', install_base='install', merge_install=False, symlink_install=False, test_result_base=None, continue_on_error=False, executor='parallel', parallel_workers=4, event_handlers=None, ignore_user_meta=False, metas=['./colcon.meta'], base_paths=['.'], packages_ignore=None, packages_ignore_regex=None, paths=None, packages_up_to=None, packages_up_to_regex=None, packages_above=None, packages_above_and_dependencies=None, packages_above_depth=None, packages_select_by_dep=None, packages_skip_by_dep=None, packages_skip_up_to=None, packages_select_build_failed=False, packages_skip_build_finished=False, packages_select_test_failures=False, packages_skip_test_passed=False, packages_select=None, packages_skip=None, packages_select_regex=None, packages_skip_regex=None, packages_start=None, packages_end=None, allow_overriding=[], cmake_args=None, cmake_target=None, cmake_target_skip_unavailable=False, cmake_clean_cache=False, cmake_clean_first=False, cmake_force_configure=False, ament_cmake_args=None, catkin_cmake_args=None, catkin_skip_building_tests=False, mixin_files=None, mixin=None, verb_parser=<colcon_mixin.mixin.mixin_argument.MixinArgumentDecorator object at 0xffffb81ce330>, verb_extension=<colcon_core.verb.build.BuildVerb object at 0xffffb81cdf40>, main=<bound method BuildVerb.main of <colcon_core.verb.build.BuildVerb object at 0xffffb81cdf40>>, mixin_verb=('build',))
[2.203s] Level 1:colcon.colcon_core.package_discovery:discover_packages(colcon_meta) check parameters
[2.204s] Level 1:colcon.colcon_core.package_discovery:discover_packages(recursive) check parameters
[2.205s] Level 1:colcon.colcon_core.package_discovery:discover_packages(ignore) check parameters
[2.205s] Level 1:colcon.colcon_core.package_discovery:discover_packages(path) check parameters
[2.205s] Level 1:colcon.colcon_core.package_discovery:discover_packages(colcon_meta) discover
[2.206s] Level 1:colcon.colcon_core.package_discovery:discover_packages(recursive) discover
[2.206s] INFO:colcon.colcon_core.package_discovery:Crawling recursively for packages in '/home/selinabreuer/ROS2_smartWateringSystem/ros2_ws'
[2.207s] Level 1:colcon.colcon_core.package_identification:_identify(.) by extensions ['ignore', 'ignore_ament_install']
[2.208s] Level 1:colcon.colcon_core.package_identification:_identify(.) by extension 'ignore'
[2.209s] Level 1:colcon.colcon_core.package_identification:_identify(.) by extension 'ignore_ament_install'
[2.210s] Level 1:colcon.colcon_core.package_identification:_identify(.) by extensions ['colcon_pkg']
[2.210s] Level 1:colcon.colcon_core.package_identification:_identify(.) by extension 'colcon_pkg'
[2.211s] Level 1:colcon.colcon_core.package_identification:_identify(.) by extensions ['colcon_meta']
[2.211s] Level 1:colcon.colcon_core.package_identification:_identify(.) by extension 'colcon_meta'
[2.212s] Level 1:colcon.colcon_core.package_identification:_identify(.) by extensions ['ros']
[2.212s] Level 1:colcon.colcon_core.package_identification:_identify(.) by extension 'ros'
[2.468s] Level 1:colcon.colcon_core.package_identification:_identify(.) by extensions ['cmake', 'python']
[2.468s] Level 1:colcon.colcon_core.package_identification:_identify(.) by extension 'cmake'
[2.469s] Level 1:colcon.colcon_core.package_identification:_identify(.) by extension 'python'
[2.470s] Level 1:colcon.colcon_core.package_identification:_identify(.) by extensions ['python_setup_py']
[2.470s] Level 1:colcon.colcon_core.package_identification:_identify(.) by extension 'python_setup_py'
[2.471s] Level 1:colcon.colcon_core.package_identification:_identify(build) by extensions ['ignore', 'ignore_ament_install']
[2.472s] Level 1:colcon.colcon_core.package_identification:_identify(build) by extension 'ignore'
[2.473s] Level 1:colcon.colcon_core.package_identification:_identify(build) ignored
[2.474s] Level 1:colcon.colcon_core.package_identification:_identify(install) by extensions ['ignore', 'ignore_ament_install']
[2.475s] Level 1:colcon.colcon_core.package_identification:_identify(install) by extension 'ignore'
[2.476s] Level 1:colcon.colcon_core.package_identification:_identify(install) ignored
[2.477s] Level 1:colcon.colcon_core.package_identification:_identify(log) by extensions ['ignore', 'ignore_ament_install']
[2.478s] Level 1:colcon.colcon_core.package_identification:_identify(log) by extension 'ignore'
[2.478s] Level 1:colcon.colcon_core.package_identification:_identify(log) ignored
[2.479s] Level 1:colcon.colcon_core.package_identification:_identify(src) by extensions ['ignore', 'ignore_ament_install']
[2.480s] Level 1:colcon.colcon_core.package_identification:_identify(src) by extension 'ignore'
[2.481s] Level 1:colcon.colcon_core.package_identification:_identify(src) by extension 'ignore_ament_install'
[2.481s] Level 1:colcon.colcon_core.package_identification:_identify(src) by extensions ['colcon_pkg']
[2.482s] Level 1:colcon.colcon_core.package_identification:_identify(src) by extension 'colcon_pkg'
[2.482s] Level 1:colcon.colcon_core.package_identification:_identify(src) by extensions ['colcon_meta']
[2.482s] Level 1:colcon.colcon_core.package_identification:_identify(src) by extension 'colcon_meta'
[2.483s] Level 1:colcon.colcon_core.package_identification:_identify(src) by extensions ['ros']
[2.483s] Level 1:colcon.colcon_core.package_identification:_identify(src) by extension 'ros'
[2.484s] Level 1:colcon.colcon_core.package_identification:_identify(src) by extensions ['cmake', 'python']
[2.485s] Level 1:colcon.colcon_core.package_identification:_identify(src) by extension 'cmake'
[2.485s] Level 1:colcon.colcon_core.package_identification:_identify(src) by extension 'python'
[2.486s] Level 1:colcon.colcon_core.package_identification:_identify(src) by extensions ['python_setup_py']
[2.486s] Level 1:colcon.colcon_core.package_identification:_identify(src) by extension 'python_setup_py'
[2.487s] Level 1:colcon.colcon_core.package_identification:_identify(src/smart_watering) by extensions ['ignore', 'ignore_ament_install']
[2.488s] Level 1:colcon.colcon_core.package_identification:_identify(src/smart_watering) by extension 'ignore'
[2.489s] Level 1:colcon.colcon_core.package_identification:_identify(src/smart_watering) by extension 'ignore_ament_install'
[2.490s] Level 1:colcon.colcon_core.package_identification:_identify(src/smart_watering) by extensions ['colcon_pkg']
[2.490s] Level 1:colcon.colcon_core.package_identification:_identify(src/smart_watering) by extension 'colcon_pkg'
[2.491s] Level 1:colcon.colcon_core.package_identification:_identify(src/smart_watering) by extensions ['colcon_meta']
[2.491s] Level 1:colcon.colcon_core.package_identification:_identify(src/smart_watering) by extension 'colcon_meta'
[2.492s] Level 1:colcon.colcon_core.package_identification:_identify(src/smart_watering) by extensions ['ros']
[2.492s] Level 1:colcon.colcon_core.package_identification:_identify(src/smart_watering) by extension 'ros'
[2.520s] DEBUG:colcon.colcon_core.package_identification:Package 'src/smart_watering' with type 'ros.ament_python' and name 'smart_watering'
[2.520s] Level 1:colcon.colcon_core.package_discovery:discover_packages(recursive) using defaults
[2.521s] Level 1:colcon.colcon_core.package_discovery:discover_packages(ignore) discover
[2.521s] Level 1:colcon.colcon_core.package_discovery:discover_packages(ignore) using defaults
[2.522s] Level 1:colcon.colcon_core.package_discovery:discover_packages(path) discover
[2.522s] Level 1:colcon.colcon_core.package_discovery:discover_packages(path) using defaults
[2.746s] Level 1:colcon.colcon_core.package_discovery:discover_packages(prefix_path) check parameters
[2.747s] Level 1:colcon.colcon_core.package_discovery:discover_packages(prefix_path) discover
[2.791s] DEBUG:colcon.colcon_installed_package_information.package_discovery:Found 285 installed packages in /opt/ros/jazzy
[2.800s] Level 1:colcon.colcon_core.package_discovery:discover_packages(prefix_path) using defaults
[3.351s] Level 5:colcon.colcon_core.verb:set package 'smart_watering' build argument 'cmake_args' from command line to 'None'
[3.351s] Level 5:colcon.colcon_core.verb:set package 'smart_watering' build argument 'cmake_target' from command line to 'None'
[3.351s] Level 5:colcon.colcon_core.verb:set package 'smart_watering' build argument 'cmake_target_skip_unavailable' from command line to 'False'
[3.352s] Level 5:colcon.colcon_core.verb:set package 'smart_watering' build argument 'cmake_clean_cache' from command line to 'False'
[3.352s] Level 5:colcon.colcon_core.verb:set package 'smart_watering' build argument 'cmake_clean_first' from command line to 'False'
[3.352s] Level 5:colcon.colcon_core.verb:set package 'smart_watering' build argument 'cmake_force_configure' from command line to 'False'
[3.352s] Level 5:colcon.colcon_core.verb:set package 'smart_watering' build argument 'ament_cmake_args' from command line to 'None'
[3.353s] Level 5:colcon.colcon_core.verb:set package 'smart_watering' build argument 'catkin_cmake_args' from command line to 'None'
[3.353s] Level 5:colcon.colcon_core.verb:set package 'smart_watering' build argument 'catkin_skip_building_tests' from command line to 'False'
[3.353s] DEBUG:colcon.colcon_core.verb:Building package 'smart_watering' with the following arguments: {'ament_cmake_args': None, 'build_base': '/home/selinabreuer/ROS2_smartWateringSystem/ros2_ws/build/smart_watering', 'catkin_cmake_args': None, 'catkin_skip_building_tests': False, 'cmake_args': None, 'cmake_clean_cache': False, 'cmake_clean_first': False, 'cmake_force_configure': False, 'cmake_target': None, 'cmake_target_skip_unavailable': False, 'install_base': '/home/selinabreuer/ROS2_smartWateringSystem/ros2_ws/install/smart_watering', 'merge_install': False, 'path': '/home/selinabreuer/ROS2_smartWateringSystem/ros2_ws/src/smart_watering', 'symlink_install': False, 'test_result_base': None}
[3.354s] INFO:colcon.colcon_core.executor:Executing jobs using 'parallel' executor
[3.361s] DEBUG:colcon.colcon_parallel_executor.executor.parallel:run_until_complete
[3.364s] INFO:colcon.colcon_ros.task.ament_python.build:Building ROS package in '/home/selinabreuer/ROS2_smartWateringSystem/ros2_ws/src/smart_watering' with build type 'ament_python'
[3.365s] Level 1:colcon.colcon_core.shell:create_environment_hook('smart_watering', 'ament_prefix_path')
[3.425s] INFO:colcon.colcon_core.plugin_system:Skipping extension 'colcon_core.shell.bat': Not used on non-Windows systems
[3.427s] INFO:colcon.colcon_core.shell:Creating environment hook '/home/selinabreuer/ROS2_smartWateringSystem/ros2_ws/install/smart_watering/share/smart_watering/hook/ament_prefix_path.ps1'
[3.436s] INFO:colcon.colcon_core.shell:Creating environment descriptor '/home/selinabreuer/ROS2_smartWateringSystem/ros2_ws/install/smart_watering/share/smart_watering/hook/ament_prefix_path.dsv'
[3.442s] INFO:colcon.colcon_core.shell:Creating environment hook '/home/selinabreuer/ROS2_smartWateringSystem/ros2_ws/install/smart_watering/share/smart_watering/hook/ament_prefix_path.sh'
[3.449s] INFO:colcon.colcon_core.shell:Skip shell extension 'powershell' for command environment: Not usable outside of PowerShell
[3.449s] DEBUG:colcon.colcon_core.shell:Skip shell extension 'dsv' for command environment
[6.064s] INFO:colcon.colcon_core.task.python.build:Building Python package in '/home/selinabreuer/ROS2_smartWateringSystem/ros2_ws/src/smart_watering'
[6.065s] INFO:colcon.colcon_core.shell:Skip shell extension 'powershell' for command environment: Not usable outside of PowerShell
[6.066s] DEBUG:colcon.colcon_core.shell:Skip shell extension 'dsv' for command environment
[15.636s] DEBUG:colcon.colcon_core.event_handler.log_command:Invoking command in '/home/selinabreuer/ROS2_smartWateringSystem/ros2_ws/src/smart_watering': PS1=(venv) \[\e]0;\u@\h: \w\a\]${debian_chroot:+($debian_chroot)}\[\033[01;32m\]\u@\h\[\033[00m\]:\[\033[01;34m\]\w\[\033[00m\]\$ PYTHONPATH=/home/selinabreuer/ROS2_smartWateringSystem/ros2_ws/build/smart_watering/prefix_override:/usr/lib/python3/dist-packages/colcon_core/task/python/colcon_distutils_commands:/home/selinabreuer/ROS2_smartWateringSystem/ros2_ws/install/smart_watering/lib/python3.12/site-packages:${PYTHONPATH} VIRTUAL_ENV_PROMPT=(venv) /usr/bin/python3 -W ignore:setup.py install is deprecated -W ignore:easy_install command is deprecated setup.py egg_info --egg-base ../../build/smart_watering build --build-base /home/selinabreuer/ROS2_smartWateringSystem/ros2_ws/build/smart_watering/build install --record /home/selinabreuer/ROS2_smartWateringSystem/ros2_ws/build/smart_watering/install.log --single-version-externally-managed install_data
[19.338s] DEBUG:colcon.colcon_parallel_executor.executor.parallel:run_until_complete was interrupted
[19.339s] DEBUG:colcon.colcon_parallel_executor.executor.parallel:run_until_complete again
[19.625s] DEBUG:colcon.colcon_core.event_handler.log_command:Invoked command in '/home/selinabreuer/ROS2_smartWateringSystem/ros2_ws/src/smart_watering' returned '1': PS1=(venv) \[\e]0;\u@\h: \w\a\]${debian_chroot:+($debian_chroot)}\[\033[01;32m\]\u@\h\[\033[00m\]:\[\033[01;34m\]\w\[\033[00m\]\$ PYTHONPATH=/home/selinabreuer/ROS2_smartWateringSystem/ros2_ws/build/smart_watering/prefix_override:/usr/lib/python3/dist-packages/colcon_core/task/python/colcon_distutils_commands:/home/selinabreuer/ROS2_smartWateringSystem/ros2_ws/install/smart_watering/lib/python3.12/site-packages:${PYTHONPATH} VIRTUAL_ENV_PROMPT=(venv) /usr/bin/python3 -W ignore:setup.py install is deprecated -W ignore:easy_install command is deprecated setup.py egg_info --egg-base ../../build/smart_watering build --build-base /home/selinabreuer/ROS2_smartWateringSystem/ros2_ws/build/smart_watering/build install --record /home/selinabreuer/ROS2_smartWateringSystem/ros2_ws/build/smart_watering/install.log --single-version-externally-managed install_data
[19.634s] DEBUG:colcon.colcon_parallel_executor.executor.parallel:run_until_complete finished
[19.635s] DEBUG:colcon.colcon_parallel_executor.executor.parallel:closing loop
[19.637s] DEBUG:colcon.colcon_parallel_executor.executor.parallel:loop closed
[19.638s] DEBUG:colcon.colcon_core.event_reactor:joining thread
[19.733s] INFO:colcon.colcon_core.plugin_system:Skipping extension 'colcon_notification.desktop_notification.notify_send': Could not find 'notify-send'
[19.734s] INFO:colcon.colcon_core.plugin_system:Skipping extension 'colcon_notification.desktop_notification.terminal_notifier': Not used on non-Darwin systems
[19.735s] INFO:colcon.colcon_core.plugin_system:Skipping extension 'colcon_notification.desktop_notification.win32': Not used on non-Windows systems
[19.735s] INFO:colcon.colcon_notification.desktop_notification:Sending desktop notification using 'notify2'
[19.743s] DEBUG:colcon.colcon_notification.desktop_notification.notify2:Failed to initialize notify2: org.freedesktop.DBus.Error.ServiceUnknown: The name org.freedesktop.Notifications was not provided by any .service files
[19.744s] DEBUG:colcon.colcon_core.event_reactor:joined thread
[19.745s] INFO:colcon.colcon_core.shell:Creating prefix script '/home/selinabreuer/ROS2_smartWateringSystem/ros2_ws/install/local_setup.ps1'
[19.756s] INFO:colcon.colcon_core.shell:Creating prefix util module '/home/selinabreuer/ROS2_smartWateringSystem/ros2_ws/install/_local_setup_util_ps1.py'
[19.768s] INFO:colcon.colcon_core.shell:Creating prefix chain script '/home/selinabreuer/ROS2_smartWateringSystem/ros2_ws/install/setup.ps1'
[19.777s] INFO:colcon.colcon_core.shell:Creating prefix script '/home/selinabreuer/ROS2_smartWateringSystem/ros2_ws/install/local_setup.sh'
[19.783s] INFO:colcon.colcon_core.shell:Creating prefix util module '/home/selinabreuer/ROS2_smartWateringSystem/ros2_ws/install/_local_setup_util_sh.py'
[19.789s] INFO:colcon.colcon_core.shell:Creating prefix chain script '/home/selinabreuer/ROS2_smartWateringSystem/ros2_ws/install/setup.sh'
[19.801s] INFO:colcon.colcon_core.shell:Creating prefix script '/home/selinabreuer/ROS2_smartWateringSystem/ros2_ws/install/local_setup.bash'
[19.808s] INFO:colcon.colcon_core.shell:Creating prefix chain script '/home/selinabreuer/ROS2_smartWateringSystem/ros2_ws/install/setup.bash'
[19.816s] INFO:colcon.colcon_core.shell:Creating prefix script '/home/selinabreuer/ROS2_smartWateringSystem/ros2_ws/install/local_setup.zsh'
[19.823s] INFO:colcon.colcon_core.shell:Creating prefix chain script '/home/selinabreuer/ROS2_smartWateringSystem/ros2_ws/install/setup.zsh'
