[1.249s] DEBUG:colcon:Command line arguments: ['/usr/bin/colcon', 'build']
[1.250s] DEBUG:colcon:Parsed command line arguments: Namespace(log_base=None, log_level=None, verb_name='build', build_base='build', install_base='install', merge_install=False, symlink_install=False, test_result_base=None, continue_on_error=False, executor='parallel', parallel_workers=4, event_handlers=None, ignore_user_meta=False, metas=['./colcon.meta'], base_paths=['.'], packages_ignore=None, packages_ignore_regex=None, paths=None, packages_up_to=None, packages_up_to_regex=None, packages_above=None, packages_above_and_dependencies=None, packages_above_depth=None, packages_select_by_dep=None, packages_skip_by_dep=None, packages_skip_up_to=None, packages_select_build_failed=False, packages_skip_build_finished=False, packages_select_test_failures=False, packages_skip_test_passed=False, packages_select=None, packages_skip=None, packages_select_regex=None, packages_skip_regex=None, packages_start=None, packages_end=None, allow_overriding=[], cmake_args=None, cmake_target=None, cmake_target_skip_unavailable=False, cmake_clean_cache=False, cmake_clean_first=False, cmake_force_configure=False, ament_cmake_args=None, catkin_cmake_args=None, catkin_skip_building_tests=False, mixin_files=None, mixin=None, verb_parser=<colcon_mixin.mixin.mixin_argument.MixinArgumentDecorator object at 0xffffb3a86120>, verb_extension=<colcon_core.verb.build.BuildVerb object at 0xffffb3a85e80>, main=<bound method BuildVerb.main of <colcon_core.verb.build.BuildVerb object at 0xffffb3a85e80>>, mixin_verb=('build',))
[1.642s] Level 1:colcon.colcon_core.package_discovery:discover_packages(colcon_meta) check parameters
[1.643s] Level 1:colcon.colcon_core.package_discovery:discover_packages(recursive) check parameters
[1.644s] Level 1:colcon.colcon_core.package_discovery:discover_packages(ignore) check parameters
[1.644s] Level 1:colcon.colcon_core.package_discovery:discover_packages(path) check parameters
[1.644s] Level 1:colcon.colcon_core.package_discovery:discover_packages(colcon_meta) discover
[1.645s] Level 1:colcon.colcon_core.package_discovery:discover_packages(recursive) discover
[1.645s] INFO:colcon.colcon_core.package_discovery:Crawling recursively for packages in '/home/selinabreuer/ROS2_smartWateringSystem/ros2_ws'
[1.646s] Level 1:colcon.colcon_core.package_identification:_identify(.) by extensions ['ignore', 'ignore_ament_install']
[1.647s] Level 1:colcon.colcon_core.package_identification:_identify(.) by extension 'ignore'
[1.647s] Level 1:colcon.colcon_core.package_identification:_identify(.) by extension 'ignore_ament_install'
[1.648s] Level 1:colcon.colcon_core.package_identification:_identify(.) by extensions ['colcon_pkg']
[1.649s] Level 1:colcon.colcon_core.package_identification:_identify(.) by extension 'colcon_pkg'
[1.649s] Level 1:colcon.colcon_core.package_identification:_identify(.) by extensions ['colcon_meta']
[1.649s] Level 1:colcon.colcon_core.package_identification:_identify(.) by extension 'colcon_meta'
[1.650s] Level 1:colcon.colcon_core.package_identification:_identify(.) by extensions ['ros']
[1.650s] Level 1:colcon.colcon_core.package_identification:_identify(.) by extension 'ros'
[1.901s] Level 1:colcon.colcon_core.package_identification:_identify(.) by extensions ['cmake', 'python']
[1.902s] Level 1:colcon.colcon_core.package_identification:_identify(.) by extension 'cmake'
[1.902s] Level 1:colcon.colcon_core.package_identification:_identify(.) by extension 'python'
[1.903s] Level 1:colcon.colcon_core.package_identification:_identify(.) by extensions ['python_setup_py']
[1.903s] Level 1:colcon.colcon_core.package_identification:_identify(.) by extension 'python_setup_py'
[1.905s] Level 1:colcon.colcon_core.package_identification:_identify(build) by extensions ['ignore', 'ignore_ament_install']
[1.906s] Level 1:colcon.colcon_core.package_identification:_identify(build) by extension 'ignore'
[1.906s] Level 1:colcon.colcon_core.package_identification:_identify(build) ignored
[1.908s] Level 1:colcon.colcon_core.package_identification:_identify(install) by extensions ['ignore', 'ignore_ament_install']
[1.909s] Level 1:colcon.colcon_core.package_identification:_identify(install) by extension 'ignore'
[1.909s] Level 1:colcon.colcon_core.package_identification:_identify(install) ignored
[1.910s] Level 1:colcon.colcon_core.package_identification:_identify(log) by extensions ['ignore', 'ignore_ament_install']
[1.911s] Level 1:colcon.colcon_core.package_identification:_identify(log) by extension 'ignore'
[1.912s] Level 1:colcon.colcon_core.package_identification:_identify(log) ignored
[1.912s] Level 1:colcon.colcon_core.package_identification:_identify(src) by extensions ['ignore', 'ignore_ament_install']
[1.913s] Level 1:colcon.colcon_core.package_identification:_identify(src) by extension 'ignore'
[1.914s] Level 1:colcon.colcon_core.package_identification:_identify(src) by extension 'ignore_ament_install'
[1.915s] Level 1:colcon.colcon_core.package_identification:_identify(src) by extensions ['colcon_pkg']
[1.915s] Level 1:colcon.colcon_core.package_identification:_identify(src) by extension 'colcon_pkg'
[1.916s] Level 1:colcon.colcon_core.package_identification:_identify(src) by extensions ['colcon_meta']
[1.916s] Level 1:colcon.colcon_core.package_identification:_identify(src) by extension 'colcon_meta'
[1.916s] Level 1:colcon.colcon_core.package_identification:_identify(src) by extensions ['ros']
[1.917s] Level 1:colcon.colcon_core.package_identification:_identify(src) by extension 'ros'
[1.918s] Level 1:colcon.colcon_core.package_identification:_identify(src) by extensions ['cmake', 'python']
[1.918s] Level 1:colcon.colcon_core.package_identification:_identify(src) by extension 'cmake'
[1.919s] Level 1:colcon.colcon_core.package_identification:_identify(src) by extension 'python'
[1.919s] Level 1:colcon.colcon_core.package_identification:_identify(src) by extensions ['python_setup_py']
[1.920s] Level 1:colcon.colcon_core.package_identification:_identify(src) by extension 'python_setup_py'
[1.921s] Level 1:colcon.colcon_core.package_identification:_identify(src/smart_watering) by extensions ['ignore', 'ignore_ament_install']
[1.922s] Level 1:colcon.colcon_core.package_identification:_identify(src/smart_watering) by extension 'ignore'
[1.922s] Level 1:colcon.colcon_core.package_identification:_identify(src/smart_watering) by extension 'ignore_ament_install'
[1.923s] Level 1:colcon.colcon_core.package_identification:_identify(src/smart_watering) by extensions ['colcon_pkg']
[1.923s] Level 1:colcon.colcon_core.package_identification:_identify(src/smart_watering) by extension 'colcon_pkg'
[1.924s] Level 1:colcon.colcon_core.package_identification:_identify(src/smart_watering) by extensions ['colcon_meta']
[1.924s] Level 1:colcon.colcon_core.package_identification:_identify(src/smart_watering) by extension 'colcon_meta'
[1.925s] Level 1:colcon.colcon_core.package_identification:_identify(src/smart_watering) by extensions ['ros']
[1.925s] Level 1:colcon.colcon_core.package_identification:_identify(src/smart_watering) by extension 'ros'
[1.944s] DEBUG:colcon.colcon_core.package_identification:Package 'src/smart_watering' with type 'ros.ament_python' and name 'smart_watering'
[1.945s] Level 1:colcon.colcon_core.package_discovery:discover_packages(recursive) using defaults
[1.945s] Level 1:colcon.colcon_core.package_discovery:discover_packages(ignore) discover
[1.946s] Level 1:colcon.colcon_core.package_discovery:discover_packages(ignore) using defaults
[1.946s] Level 1:colcon.colcon_core.package_discovery:discover_packages(path) discover
[1.946s] Level 1:colcon.colcon_core.package_discovery:discover_packages(path) using defaults
[2.102s] Level 1:colcon.colcon_core.package_discovery:discover_packages(prefix_path) check parameters
[2.103s] Level 1:colcon.colcon_core.package_discovery:discover_packages(prefix_path) discover
[2.137s] DEBUG:colcon.colcon_installed_package_information.package_discovery:Found 285 installed packages in /opt/ros/jazzy
[2.145s] Level 1:colcon.colcon_core.package_discovery:discover_packages(prefix_path) using defaults
[2.703s] Level 5:colcon.colcon_core.verb:set package 'smart_watering' build argument 'cmake_args' from command line to 'None'
[2.704s] Level 5:colcon.colcon_core.verb:set package 'smart_watering' build argument 'cmake_target' from command line to 'None'
[2.704s] Level 5:colcon.colcon_core.verb:set package 'smart_watering' build argument 'cmake_target_skip_unavailable' from command line to 'False'
[2.704s] Level 5:colcon.colcon_core.verb:set package 'smart_watering' build argument 'cmake_clean_cache' from command line to 'False'
[2.704s] Level 5:colcon.colcon_core.verb:set package 'smart_watering' build argument 'cmake_clean_first' from command line to 'False'
[2.705s] Level 5:colcon.colcon_core.verb:set package 'smart_watering' build argument 'cmake_force_configure' from command line to 'False'
[2.705s] Level 5:colcon.colcon_core.verb:set package 'smart_watering' build argument 'ament_cmake_args' from command line to 'None'
[2.705s] Level 5:colcon.colcon_core.verb:set package 'smart_watering' build argument 'catkin_cmake_args' from command line to 'None'
[2.705s] Level 5:colcon.colcon_core.verb:set package 'smart_watering' build argument 'catkin_skip_building_tests' from command line to 'False'
[2.705s] DEBUG:colcon.colcon_core.verb:Building package 'smart_watering' with the following arguments: {'ament_cmake_args': None, 'build_base': '/home/selinabreuer/ROS2_smartWateringSystem/ros2_ws/build/smart_watering', 'catkin_cmake_args': None, 'catkin_skip_building_tests': False, 'cmake_args': None, 'cmake_clean_cache': False, 'cmake_clean_first': False, 'cmake_force_configure': False, 'cmake_target': None, 'cmake_target_skip_unavailable': False, 'install_base': '/home/selinabreuer/ROS2_smartWateringSystem/ros2_ws/install/smart_watering', 'merge_install': False, 'path': '/home/selinabreuer/ROS2_smartWateringSystem/ros2_ws/src/smart_watering', 'symlink_install': False, 'test_result_base': None}
[2.707s] INFO:colcon.colcon_core.executor:Executing jobs using 'parallel' executor
[2.714s] DEBUG:colcon.colcon_parallel_executor.executor.parallel:run_until_complete
[2.716s] INFO:colcon.colcon_ros.task.ament_python.build:Building ROS package in '/home/selinabreuer/ROS2_smartWateringSystem/ros2_ws/src/smart_watering' with build type 'ament_python'
[2.717s] Level 1:colcon.colcon_core.shell:create_environment_hook('smart_watering', 'ament_prefix_path')
[2.750s] INFO:colcon.colcon_core.plugin_system:Skipping extension 'colcon_core.shell.bat': Not used on non-Windows systems
[2.752s] INFO:colcon.colcon_core.shell:Creating environment hook '/home/selinabreuer/ROS2_smartWateringSystem/ros2_ws/install/smart_watering/share/smart_watering/hook/ament_prefix_path.ps1'
[2.758s] INFO:colcon.colcon_core.shell:Creating environment descriptor '/home/selinabreuer/ROS2_smartWateringSystem/ros2_ws/install/smart_watering/share/smart_watering/hook/ament_prefix_path.dsv'
[2.763s] INFO:colcon.colcon_core.shell:Creating environment hook '/home/selinabreuer/ROS2_smartWateringSystem/ros2_ws/install/smart_watering/share/smart_watering/hook/ament_prefix_path.sh'
[2.769s] INFO:colcon.colcon_core.shell:Skip shell extension 'powershell' for command environment: Not usable outside of PowerShell
[2.770s] DEBUG:colcon.colcon_core.shell:Skip shell extension 'dsv' for command environment
[5.433s] INFO:colcon.colcon_core.task.python.build:Building Python package in '/home/selinabreuer/ROS2_smartWateringSystem/ros2_ws/src/smart_watering'
[5.435s] INFO:colcon.colcon_core.shell:Skip shell extension 'powershell' for command environment: Not usable outside of PowerShell
[5.436s] DEBUG:colcon.colcon_core.shell:Skip shell extension 'dsv' for command environment
[13.217s] DEBUG:colcon.colcon_core.event_handler.log_command:Invoking command in '/home/selinabreuer/ROS2_smartWateringSystem/ros2_ws/src/smart_watering': PS1=(venv) \[\e]0;\u@\h: \w\a\]${debian_chroot:+($debian_chroot)}\[\033[01;32m\]\u@\h\[\033[00m\]:\[\033[01;34m\]\w\[\033[00m\]\$ PYTHONPATH=/home/selinabreuer/ROS2_smartWateringSystem/ros2_ws/build/smart_watering/prefix_override:/usr/lib/python3/dist-packages/colcon_core/task/python/colcon_distutils_commands:/home/selinabreuer/ROS2_smartWateringSystem/ros2_ws/install/smart_watering/lib/python3.12/site-packages:${PYTHONPATH} VIRTUAL_ENV_PROMPT=(venv) /usr/bin/python3 -W ignore:setup.py install is deprecated -W ignore:easy_install command is deprecated setup.py egg_info --egg-base ../../build/smart_watering build --build-base /home/selinabreuer/ROS2_smartWateringSystem/ros2_ws/build/smart_watering/build install --record /home/selinabreuer/ROS2_smartWateringSystem/ros2_ws/build/smart_watering/install.log --single-version-externally-managed install_data
[20.555s] DEBUG:colcon.colcon_core.event_handler.log_command:Invoked command in '/home/selinabreuer/ROS2_smartWateringSystem/ros2_ws/src/smart_watering' returned '0': PS1=(venv) \[\e]0;\u@\h: \w\a\]${debian_chroot:+($debian_chroot)}\[\033[01;32m\]\u@\h\[\033[00m\]:\[\033[01;34m\]\w\[\033[00m\]\$ PYTHONPATH=/home/selinabreuer/ROS2_smartWateringSystem/ros2_ws/build/smart_watering/prefix_override:/usr/lib/python3/dist-packages/colcon_core/task/python/colcon_distutils_commands:/home/selinabreuer/ROS2_smartWateringSystem/ros2_ws/install/smart_watering/lib/python3.12/site-packages:${PYTHONPATH} VIRTUAL_ENV_PROMPT=(venv) /usr/bin/python3 -W ignore:setup.py install is deprecated -W ignore:easy_install command is deprecated setup.py egg_info --egg-base ../../build/smart_watering build --build-base /home/selinabreuer/ROS2_smartWateringSystem/ros2_ws/build/smart_watering/build install --record /home/selinabreuer/ROS2_smartWateringSystem/ros2_ws/build/smart_watering/install.log --single-version-externally-managed install_data
[20.602s] Level 1:colcon.colcon_core.environment:checking '/home/selinabreuer/ROS2_smartWateringSystem/ros2_ws/install/smart_watering' for CMake module files
[20.608s] Level 1:colcon.colcon_core.environment:checking '/home/selinabreuer/ROS2_smartWateringSystem/ros2_ws/install/smart_watering' for CMake config files
[20.615s] Level 1:colcon.colcon_core.environment:checking '/home/selinabreuer/ROS2_smartWateringSystem/ros2_ws/install/smart_watering/lib'
[20.618s] Level 1:colcon.colcon_core.environment:checking '/home/selinabreuer/ROS2_smartWateringSystem/ros2_ws/install/smart_watering/bin'
[20.619s] Level 1:colcon.colcon_core.environment:checking '/home/selinabreuer/ROS2_smartWateringSystem/ros2_ws/install/smart_watering/lib/pkgconfig/smart_watering.pc'
[20.622s] Level 1:colcon.colcon_core.environment:checking '/home/selinabreuer/ROS2_smartWateringSystem/ros2_ws/install/smart_watering/lib/python3.12/site-packages'
[20.624s] Level 1:colcon.colcon_core.shell:create_environment_hook('smart_watering', 'pythonpath')
[20.626s] INFO:colcon.colcon_core.shell:Creating environment hook '/home/selinabreuer/ROS2_smartWateringSystem/ros2_ws/install/smart_watering/share/smart_watering/hook/pythonpath.ps1'
[20.633s] INFO:colcon.colcon_core.shell:Creating environment descriptor '/home/selinabreuer/ROS2_smartWateringSystem/ros2_ws/install/smart_watering/share/smart_watering/hook/pythonpath.dsv'
[20.638s] INFO:colcon.colcon_core.shell:Creating environment hook '/home/selinabreuer/ROS2_smartWateringSystem/ros2_ws/install/smart_watering/share/smart_watering/hook/pythonpath.sh'
[20.644s] Level 1:colcon.colcon_core.environment:checking '/home/selinabreuer/ROS2_smartWateringSystem/ros2_ws/install/smart_watering/bin'
[20.644s] Level 1:colcon.colcon_core.environment:create_environment_scripts_only(smart_watering)
[20.647s] INFO:colcon.colcon_core.shell:Creating package script '/home/selinabreuer/ROS2_smartWateringSystem/ros2_ws/install/smart_watering/share/smart_watering/package.ps1'
[20.655s] INFO:colcon.colcon_core.shell:Creating package descriptor '/home/selinabreuer/ROS2_smartWateringSystem/ros2_ws/install/smart_watering/share/smart_watering/package.dsv'
[20.662s] INFO:colcon.colcon_core.shell:Creating package script '/home/selinabreuer/ROS2_smartWateringSystem/ros2_ws/install/smart_watering/share/smart_watering/package.sh'
[20.669s] INFO:colcon.colcon_core.shell:Creating package script '/home/selinabreuer/ROS2_smartWateringSystem/ros2_ws/install/smart_watering/share/smart_watering/package.bash'
[20.677s] INFO:colcon.colcon_core.shell:Creating package script '/home/selinabreuer/ROS2_smartWateringSystem/ros2_ws/install/smart_watering/share/smart_watering/package.zsh'
[20.684s] Level 1:colcon.colcon_core.environment:create_file_with_runtime_dependencies(/home/selinabreuer/ROS2_smartWateringSystem/ros2_ws/install/smart_watering/share/colcon-core/packages/smart_watering)
[20.688s] DEBUG:colcon.colcon_parallel_executor.executor.parallel:closing loop
[20.691s] DEBUG:colcon.colcon_parallel_executor.executor.parallel:loop closed
[20.693s] DEBUG:colcon.colcon_parallel_executor.executor.parallel:run_until_complete finished with '0'
[20.694s] DEBUG:colcon.colcon_core.event_reactor:joining thread
[20.777s] INFO:colcon.colcon_core.plugin_system:Skipping extension 'colcon_notification.desktop_notification.notify_send': Could not find 'notify-send'
[20.779s] INFO:colcon.colcon_core.plugin_system:Skipping extension 'colcon_notification.desktop_notification.terminal_notifier': Not used on non-Darwin systems
[20.780s] INFO:colcon.colcon_core.plugin_system:Skipping extension 'colcon_notification.desktop_notification.win32': Not used on non-Windows systems
[20.781s] INFO:colcon.colcon_notification.desktop_notification:Sending desktop notification using 'notify2'
[20.793s] DEBUG:colcon.colcon_notification.desktop_notification.notify2:Failed to initialize notify2: org.freedesktop.DBus.Error.ServiceUnknown: The name org.freedesktop.Notifications was not provided by any .service files
[20.794s] DEBUG:colcon.colcon_core.event_reactor:joined thread
[20.796s] INFO:colcon.colcon_core.shell:Creating prefix script '/home/selinabreuer/ROS2_smartWateringSystem/ros2_ws/install/local_setup.ps1'
[20.803s] INFO:colcon.colcon_core.shell:Creating prefix util module '/home/selinabreuer/ROS2_smartWateringSystem/ros2_ws/install/_local_setup_util_ps1.py'
[20.814s] INFO:colcon.colcon_core.shell:Creating prefix chain script '/home/selinabreuer/ROS2_smartWateringSystem/ros2_ws/install/setup.ps1'
[20.822s] INFO:colcon.colcon_core.shell:Creating prefix script '/home/selinabreuer/ROS2_smartWateringSystem/ros2_ws/install/local_setup.sh'
[20.827s] INFO:colcon.colcon_core.shell:Creating prefix util module '/home/selinabreuer/ROS2_smartWateringSystem/ros2_ws/install/_local_setup_util_sh.py'
[20.833s] INFO:colcon.colcon_core.shell:Creating prefix chain script '/home/selinabreuer/ROS2_smartWateringSystem/ros2_ws/install/setup.sh'
[20.842s] INFO:colcon.colcon_core.shell:Creating prefix script '/home/selinabreuer/ROS2_smartWateringSystem/ros2_ws/install/local_setup.bash'
[20.846s] INFO:colcon.colcon_core.shell:Creating prefix chain script '/home/selinabreuer/ROS2_smartWateringSystem/ros2_ws/install/setup.bash'
[20.854s] INFO:colcon.colcon_core.shell:Creating prefix script '/home/selinabreuer/ROS2_smartWateringSystem/ros2_ws/install/local_setup.zsh'
[20.859s] INFO:colcon.colcon_core.shell:Creating prefix chain script '/home/selinabreuer/ROS2_smartWateringSystem/ros2_ws/install/setup.zsh'
