[10.499s] Invoking command in '/home/selinabreuer/ROS2_smartWateringSystem/ros2_ws/src/smart_watering': PS1=(venv) \[\e]0;\u@\h: \w\a\]${debian_chroot:+($debian_chroot)}\[\033[01;32m\]\u@\h\[\033[00m\]:\[\033[01;34m\]\w\[\033[00m\]\$ PYTHONPATH=/home/selinabreuer/ROS2_smartWateringSystem/ros2_ws/build/smart_watering/prefix_override:/usr/lib/python3/dist-packages/colcon_core/task/python/colcon_distutils_commands:/home/selinabreuer/ROS2_smartWateringSystem/ros2_ws/install/smart_watering/lib/python3.12/site-packages:${PYTHONPATH} VIRTUAL_ENV_PROMPT=(venv) /usr/bin/python3 -W ignore:setup.py install is deprecated -W ignore:easy_install command is deprecated setup.py egg_info --egg-base ../../build/smart_watering build --build-base /home/selinabreuer/ROS2_smartWateringSystem/ros2_ws/build/smart_watering/build install --record /home/selinabreuer/ROS2_smartWateringSystem/ros2_ws/build/smart_watering/install.log --single-version-externally-managed install_data
[13.982s] running egg_info
[14.262s] writing ../../build/smart_watering/smart_watering.egg-info/PKG-INFO
[14.266s] writing dependency_links to ../../build/smart_watering/smart_watering.egg-info/dependency_links.txt
[14.268s] writing entry points to ../../build/smart_watering/smart_watering.egg-info/entry_points.txt
[14.272s] writing requirements to ../../build/smart_watering/smart_watering.egg-info/requires.txt
[14.275s] writing top-level names to ../../build/smart_watering/smart_watering.egg-info/top_level.txt
[14.277s] writing manifest file '../../build/smart_watering/smart_watering.egg-info/SOURCES.txt'
[14.842s] reading manifest file '../../build/smart_watering/smart_watering.egg-info/SOURCES.txt'
[14.848s] writing manifest file '../../build/smart_watering/smart_watering.egg-info/SOURCES.txt'
[14.850s] running build
[14.851s] running build_py
[14.853s] creating /home/selinabreuer/ROS2_smartWateringSystem/ros2_ws/build/smart_watering/build
[14.854s] creating /home/selinabreuer/ROS2_smartWateringSystem/ros2_ws/build/smart_watering/build/lib
[14.856s] creating /home/selinabreuer/ROS2_smartWateringSystem/ros2_ws/build/smart_watering/build/lib/smart_watering
[14.857s] copying smart_watering/moisture_publisher.py -> /home/selinabreuer/ROS2_smartWateringSystem/ros2_ws/build/smart_watering/build/lib/smart_watering
[14.859s] copying smart_watering/relay_controller.py -> /home/selinabreuer/ROS2_smartWateringSystem/ros2_ws/build/smart_watering/build/lib/smart_watering
[14.860s] copying smart_watering/__init__.py -> /home/selinabreuer/ROS2_smartWateringSystem/ros2_ws/build/smart_watering/build/lib/smart_watering
[14.863s] running install
[14.930s] running install_lib
[15.216s] creating /home/selinabreuer/ROS2_smartWateringSystem/ros2_ws/install/smart_watering/lib/python3.12/site-packages/smart_watering
[15.218s] copying /home/selinabreuer/ROS2_smartWateringSystem/ros2_ws/build/smart_watering/build/lib/smart_watering/moisture_publisher.py -> /home/selinabreuer/ROS2_smartWateringSystem/ros2_ws/install/smart_watering/lib/python3.12/site-packages/smart_watering
[15.220s] copying /home/selinabreuer/ROS2_smartWateringSystem/ros2_ws/build/smart_watering/build/lib/smart_watering/relay_controller.py -> /home/selinabreuer/ROS2_smartWateringSystem/ros2_ws/install/smart_watering/lib/python3.12/site-packages/smart_watering
[15.222s] copying /home/selinabreuer/ROS2_smartWateringSystem/ros2_ws/build/smart_watering/build/lib/smart_watering/__init__.py -> /home/selinabreuer/ROS2_smartWateringSystem/ros2_ws/install/smart_watering/lib/python3.12/site-packages/smart_watering
[15.228s] byte-compiling /home/selinabreuer/ROS2_smartWateringSystem/ros2_ws/install/smart_watering/lib/python3.12/site-packages/smart_watering/moisture_publisher.py to moisture_publisher.cpython-312.pyc
[15.235s] byte-compiling /home/selinabreuer/ROS2_smartWateringSystem/ros2_ws/install/smart_watering/lib/python3.12/site-packages/smart_watering/relay_controller.py to relay_controller.cpython-312.pyc
[15.240s] byte-compiling /home/selinabreuer/ROS2_smartWateringSystem/ros2_ws/install/smart_watering/lib/python3.12/site-packages/smart_watering/__init__.py to __init__.cpython-312.pyc
[15.243s] running install_data
[15.245s] creating /home/selinabreuer/ROS2_smartWateringSystem/ros2_ws/install/smart_watering/share/ament_index
[15.246s] creating /home/selinabreuer/ROS2_smartWateringSystem/ros2_ws/install/smart_watering/share/ament_index/resource_index
[15.248s] creating /home/selinabreuer/ROS2_smartWateringSystem/ros2_ws/install/smart_watering/share/ament_index/resource_index/packages
[15.249s] copying resource/smart_watering -> /home/selinabreuer/ROS2_smartWateringSystem/ros2_ws/install/smart_watering/share/ament_index/resource_index/packages
[15.250s] copying package.xml -> /home/selinabreuer/ROS2_smartWateringSystem/ros2_ws/install/smart_watering/share/smart_watering
[15.252s] running install_egg_info
[15.548s] Copying ../../build/smart_watering/smart_watering.egg-info to /home/selinabreuer/ROS2_smartWateringSystem/ros2_ws/install/smart_watering/lib/python3.12/site-packages/smart_watering-0.0.0-py3.12.egg-info
[15.566s] running install_scripts
[17.454s] Installing moisture_publisher script to /home/selinabreuer/ROS2_smartWateringSystem/ros2_ws/install/smart_watering/lib/smart_watering
[17.456s] Installing relay_controller script to /home/selinabreuer/ROS2_smartWateringSystem/ros2_ws/install/smart_watering/lib/smart_watering
[17.460s] writing list of installed files to '/home/selinabreuer/ROS2_smartWateringSystem/ros2_ws/build/smart_watering/install.log'
[17.836s] Invoked command in '/home/selinabreuer/ROS2_smartWateringSystem/ros2_ws/src/smart_watering' returned '0': PS1=(venv) \[\e]0;\u@\h: \w\a\]${debian_chroot:+($debian_chroot)}\[\033[01;32m\]\u@\h\[\033[00m\]:\[\033[01;34m\]\w\[\033[00m\]\$ PYTHONPATH=/home/selinabreuer/ROS2_smartWateringSystem/ros2_ws/build/smart_watering/prefix_override:/usr/lib/python3/dist-packages/colcon_core/task/python/colcon_distutils_commands:/home/selinabreuer/ROS2_smartWateringSystem/ros2_ws/install/smart_watering/lib/python3.12/site-packages:${PYTHONPATH} VIRTUAL_ENV_PROMPT=(venv) /usr/bin/python3 -W ignore:setup.py install is deprecated -W ignore:easy_install command is deprecated setup.py egg_info --egg-base ../../build/smart_watering build --build-base /home/selinabreuer/ROS2_smartWateringSystem/ros2_ws/build/smart_watering/build install --record /home/selinabreuer/ROS2_smartWateringSystem/ros2_ws/build/smart_watering/install.log --single-version-externally-managed install_data
