running egg_info
creating ../build/smart_watering/smart_watering.egg-info
writing ../build/smart_watering/smart_watering.egg-info/PKG-INFO
writing dependency_links to ../build/smart_watering/smart_watering.egg-info/dependency_links.txt
writing entry points to ../build/smart_watering/smart_watering.egg-info/entry_points.txt
writing requirements to ../build/smart_watering/smart_watering.egg-info/requires.txt
writing top-level names to ../build/smart_watering/smart_watering.egg-info/top_level.txt
writing manifest file '../build/smart_watering/smart_watering.egg-info/SOURCES.txt'
reading manifest file '../build/smart_watering/smart_watering.egg-info/SOURCES.txt'
writing manifest file '../build/smart_watering/smart_watering.egg-info/SOURCES.txt'
running build
running build_py
creating /home/selinabreuer/ROS2_smartWateringSystem/ros2_ws/src/build/smart_watering/build
creating /home/selinabreuer/ROS2_smartWateringSystem/ros2_ws/src/build/smart_watering/build/lib
creating /home/selinabreuer/ROS2_smartWateringSystem/ros2_ws/src/build/smart_watering/build/lib/smart_watering
copying smart_watering/moisture_publisher.py -> /home/selinabreuer/ROS2_smartWateringSystem/ros2_ws/src/build/smart_watering/build/lib/smart_watering
copying smart_watering/relay_controller.py -> /home/selinabreuer/ROS2_smartWateringSystem/ros2_ws/src/build/smart_watering/build/lib/smart_watering
copying smart_watering/__init__.py -> /home/selinabreuer/ROS2_smartWateringSystem/ros2_ws/src/build/smart_watering/build/lib/smart_watering
copying smart_watering/telegram_node.py -> /home/selinabreuer/ROS2_smartWateringSystem/ros2_ws/src/build/smart_watering/build/lib/smart_watering
running install
running install_lib
creating /home/selinabreuer/ROS2_smartWateringSystem/ros2_ws/src/install/smart_watering/lib/python3.12/site-packages/smart_watering
copying /home/selinabreuer/ROS2_smartWateringSystem/ros2_ws/src/build/smart_watering/build/lib/smart_watering/moisture_publisher.py -> /home/selinabreuer/ROS2_smartWateringSystem/ros2_ws/src/install/smart_watering/lib/python3.12/site-packages/smart_watering
copying /home/selinabreuer/ROS2_smartWateringSystem/ros2_ws/src/build/smart_watering/build/lib/smart_watering/relay_controller.py -> /home/selinabreuer/ROS2_smartWateringSystem/ros2_ws/src/install/smart_watering/lib/python3.12/site-packages/smart_watering
copying /home/selinabreuer/ROS2_smartWateringSystem/ros2_ws/src/build/smart_watering/build/lib/smart_watering/__init__.py -> /home/selinabreuer/ROS2_smartWateringSystem/ros2_ws/src/install/smart_watering/lib/python3.12/site-packages/smart_watering
copying /home/selinabreuer/ROS2_smartWateringSystem/ros2_ws/src/build/smart_watering/build/lib/smart_watering/telegram_node.py -> /home/selinabreuer/ROS2_smartWateringSystem/ros2_ws/src/install/smart_watering/lib/python3.12/site-packages/smart_watering
byte-compiling /home/selinabreuer/ROS2_smartWateringSystem/ros2_ws/src/install/smart_watering/lib/python3.12/site-packages/smart_watering/moisture_publisher.py to moisture_publisher.cpython-312.pyc
byte-compiling /home/selinabreuer/ROS2_smartWateringSystem/ros2_ws/src/install/smart_watering/lib/python3.12/site-packages/smart_watering/relay_controller.py to relay_controller.cpython-312.pyc
byte-compiling /home/selinabreuer/ROS2_smartWateringSystem/ros2_ws/src/install/smart_watering/lib/python3.12/site-packages/smart_watering/__init__.py to __init__.cpython-312.pyc
byte-compiling /home/selinabreuer/ROS2_smartWateringSystem/ros2_ws/src/install/smart_watering/lib/python3.12/site-packages/smart_watering/telegram_node.py to telegram_node.cpython-312.pyc
running install_data
creating /home/selinabreuer/ROS2_smartWateringSystem/ros2_ws/src/install/smart_watering/share/ament_index
creating /home/selinabreuer/ROS2_smartWateringSystem/ros2_ws/src/install/smart_watering/share/ament_index/resource_index
creating /home/selinabreuer/ROS2_smartWateringSystem/ros2_ws/src/install/smart_watering/share/ament_index/resource_index/packages
copying resource/smart_watering -> /home/selinabreuer/ROS2_smartWateringSystem/ros2_ws/src/install/smart_watering/share/ament_index/resource_index/packages
copying package.xml -> /home/selinabreuer/ROS2_smartWateringSystem/ros2_ws/src/install/smart_watering/share/smart_watering
running install_egg_info
Copying ../build/smart_watering/smart_watering.egg-info to /home/selinabreuer/ROS2_smartWateringSystem/ros2_ws/src/install/smart_watering/lib/python3.12/site-packages/smart_watering-0.0.0-py3.12.egg-info
running install_scripts
Installing moisture_publisher script to /home/selinabreuer/ROS2_smartWateringSystem/ros2_ws/src/install/smart_watering/lib/smart_watering
Installing relay_controller script to /home/selinabreuer/ROS2_smartWateringSystem/ros2_ws/src/install/smart_watering/lib/smart_watering
Installing telegram_node script to /home/selinabreuer/ROS2_smartWateringSystem/ros2_ws/src/install/smart_watering/lib/smart_watering
writing list of installed files to '/home/selinabreuer/ROS2_smartWateringSystem/ros2_ws/src/build/smart_watering/install.log'
