[11.406s] Invoking command in '/home/selinabreuer/ROS2_smartWateringSystem/ros2_ws/src/smart_watering': PS1=(venv) \[\e]0;\u@\h: \w\a\]${debian_chroot:+($debian_chroot)}\[\033[01;32m\]\u@\h\[\033[00m\]:\[\033[01;34m\]\w\[\033[00m\]\$ PYTHONPATH=/home/selinabreuer/ROS2_smartWateringSystem/ros2_ws/build/smart_watering/prefix_override:/usr/lib/python3/dist-packages/colcon_core/task/python/colcon_distutils_commands:/home/selinabreuer/ROS2_smartWateringSystem/ros2_ws/install/smart_watering/lib/python3.12/site-packages:${PYTHONPATH} VIRTUAL_ENV_PROMPT=(venv) /usr/bin/python3 -W ignore:setup.py install is deprecated -W ignore:easy_install command is deprecated setup.py egg_info --egg-base ../../build/smart_watering build --build-base /home/selinabreuer/ROS2_smartWateringSystem/ros2_ws/build/smart_watering/build install --record /home/selinabreuer/ROS2_smartWateringSystem/ros2_ws/build/smart_watering/install.log --single-version-externally-managed install_data
[14.965s] running egg_info
[15.228s] writing ../../build/smart_watering/smart_watering.egg-info/PKG-INFO
[15.230s] writing dependency_links to ../../build/smart_watering/smart_watering.egg-info/dependency_links.txt
[15.233s] writing entry points to ../../build/smart_watering/smart_watering.egg-info/entry_points.txt
[15.235s] writing requirements to ../../build/smart_watering/smart_watering.egg-info/requires.txt
[15.237s] writing top-level names to ../../build/smart_watering/smart_watering.egg-info/top_level.txt
[15.758s] reading manifest file '../../build/smart_watering/smart_watering.egg-info/SOURCES.txt'
[15.766s] writing manifest file '../../build/smart_watering/smart_watering.egg-info/SOURCES.txt'
[15.768s] running build
[15.769s] running build_py
[15.773s] running install
[15.839s] running install_lib
[16.102s] running install_data
[16.104s] running install_egg_info
[16.376s] removing '/home/selinabreuer/ROS2_smartWateringSystem/ros2_ws/install/smart_watering/lib/python3.12/site-packages/smart_watering-0.0.0-py3.12.egg-info' (and everything under it)
[16.380s] Copying ../../build/smart_watering/smart_watering.egg-info to /home/selinabreuer/ROS2_smartWateringSystem/ros2_ws/install/smart_watering/lib/python3.12/site-packages/smart_watering-0.0.0-py3.12.egg-info
[16.393s] running install_scripts
[18.169s] Installing moisture_publisher script to /home/selinabreuer/ROS2_smartWateringSystem/ros2_ws/install/smart_watering/lib/smart_watering
[18.171s] Installing relay_controller script to /home/selinabreuer/ROS2_smartWateringSystem/ros2_ws/install/smart_watering/lib/smart_watering
[18.173s] Installing telegram_node script to /home/selinabreuer/ROS2_smartWateringSystem/ros2_ws/install/smart_watering/lib/smart_watering
[18.177s] writing list of installed files to '/home/selinabreuer/ROS2_smartWateringSystem/ros2_ws/build/smart_watering/install.log'
[18.540s] Invoked command in '/home/selinabreuer/ROS2_smartWateringSystem/ros2_ws/src/smart_watering' returned '0': PS1=(venv) \[\e]0;\u@\h: \w\a\]${debian_chroot:+($debian_chroot)}\[\033[01;32m\]\u@\h\[\033[00m\]:\[\033[01;34m\]\w\[\033[00m\]\$ PYTHONPATH=/home/selinabreuer/ROS2_smartWateringSystem/ros2_ws/build/smart_watering/prefix_override:/usr/lib/python3/dist-packages/colcon_core/task/python/colcon_distutils_commands:/home/selinabreuer/ROS2_smartWateringSystem/ros2_ws/install/smart_watering/lib/python3.12/site-packages:${PYTHONPATH} VIRTUAL_ENV_PROMPT=(venv) /usr/bin/python3 -W ignore:setup.py install is deprecated -W ignore:easy_install command is deprecated setup.py egg_info --egg-base ../../build/smart_watering build --build-base /home/selinabreuer/ROS2_smartWateringSystem/ros2_ws/build/smart_watering/build install --record /home/selinabreuer/ROS2_smartWateringSystem/ros2_ws/build/smart_watering/install.log --single-version-externally-managed install_data
