[1.329s] DEBUG:colcon:Command line arguments: ['/usr/bin/colcon', 'build']
[1.330s] DEBUG:colcon:Parsed command line arguments: Namespace(log_base=None, log_level=None, verb_name='build', build_base='build', install_base='install', merge_install=False, symlink_install=False, test_result_base=None, continue_on_error=False, executor='parallel', parallel_workers=4, event_handlers=None, ignore_user_meta=False, metas=['./colcon.meta'], base_paths=['.'], packages_ignore=None, packages_ignore_regex=None, paths=None, packages_up_to=None, packages_up_to_regex=None, packages_above=None, packages_above_and_dependencies=None, packages_above_depth=None, packages_select_by_dep=None, packages_skip_by_dep=None, packages_skip_up_to=None, packages_select_build_failed=False, packages_skip_build_finished=False, packages_select_test_failures=False, packages_skip_test_passed=False, packages_select=None, packages_skip=None, packages_select_regex=None, packages_skip_regex=None, packages_start=None, packages_end=None, allow_overriding=[], cmake_args=None, cmake_target=None, cmake_target_skip_unavailable=False, cmake_clean_cache=False, cmake_clean_first=False, cmake_force_configure=False, ament_cmake_args=None, catkin_cmake_args=None, catkin_skip_building_tests=False, mixin_files=None, mixin=None, verb_parser=<colcon_mixin.mixin.mixin_argument.MixinArgumentDecorator object at 0xffffa77863f0>, verb_extension=<colcon_core.verb.build.BuildVerb object at 0xffffa7786090>, main=<bound method BuildVerb.main of <colcon_core.verb.build.BuildVerb object at 0xffffa7786090>>, mixin_verb=('build',))
[1.743s] Level 1:colcon.colcon_core.package_discovery:discover_packages(colcon_meta) check parameters
[1.744s] Level 1:colcon.colcon_core.package_discovery:discover_packages(recursive) check parameters
[1.744s] Level 1:colcon.colcon_core.package_discovery:discover_packages(ignore) check parameters
[1.745s] Level 1:colcon.colcon_core.package_discovery:discover_packages(path) check parameters
[1.745s] Level 1:colcon.colcon_core.package_discovery:discover_packages(colcon_meta) discover
[1.745s] Level 1:colcon.colcon_core.package_discovery:discover_packages(recursive) discover
[1.746s] INFO:colcon.colcon_core.package_discovery:Crawling recursively for packages in '/home/selinabreuer/ROS2_smartWateringSystem/ros2_ws'
[1.747s] Level 1:colcon.colcon_core.package_identification:_identify(.) by extensions ['ignore', 'ignore_ament_install']
[1.748s] Level 1:colcon.colcon_core.package_identification:_identify(.) by extension 'ignore'
[1.748s] Level 1:colcon.colcon_core.package_identification:_identify(.) by extension 'ignore_ament_install'
[1.749s] Level 1:colcon.colcon_core.package_identification:_identify(.) by extensions ['colcon_pkg']
[1.750s] Level 1:colcon.colcon_core.package_identification:_identify(.) by extension 'colcon_pkg'
[1.750s] Level 1:colcon.colcon_core.package_identification:_identify(.) by extensions ['colcon_meta']
[1.750s] Level 1:colcon.colcon_core.package_identification:_identify(.) by extension 'colcon_meta'
[1.751s] Level 1:colcon.colcon_core.package_identification:_identify(.) by extensions ['ros']
[1.751s] Level 1:colcon.colcon_core.package_identification:_identify(.) by extension 'ros'
[2.060s] Level 1:colcon.colcon_core.package_identification:_identify(.) by extensions ['cmake', 'python']
[2.060s] Level 1:colcon.colcon_core.package_identification:_identify(.) by extension 'cmake'
[2.061s] Level 1:colcon.colcon_core.package_identification:_identify(.) by extension 'python'
[2.061s] Level 1:colcon.colcon_core.package_identification:_identify(.) by extensions ['python_setup_py']
[2.062s] Level 1:colcon.colcon_core.package_identification:_identify(.) by extension 'python_setup_py'
[2.063s] Level 1:colcon.colcon_core.package_identification:_identify(build) by extensions ['ignore', 'ignore_ament_install']
[2.064s] Level 1:colcon.colcon_core.package_identification:_identify(build) by extension 'ignore'
[2.064s] Level 1:colcon.colcon_core.package_identification:_identify(build) ignored
[2.065s] Level 1:colcon.colcon_core.package_identification:_identify(install) by extensions ['ignore', 'ignore_ament_install']
[2.066s] Level 1:colcon.colcon_core.package_identification:_identify(install) by extension 'ignore'
[2.067s] Level 1:colcon.colcon_core.package_identification:_identify(install) ignored
[2.068s] Level 1:colcon.colcon_core.package_identification:_identify(log) by extensions ['ignore', 'ignore_ament_install']
[2.068s] Level 1:colcon.colcon_core.package_identification:_identify(log) by extension 'ignore'
[2.069s] Level 1:colcon.colcon_core.package_identification:_identify(log) ignored
[2.069s] Level 1:colcon.colcon_core.package_identification:_identify(src) by extensions ['ignore', 'ignore_ament_install']
[2.070s] Level 1:colcon.colcon_core.package_identification:_identify(src) by extension 'ignore'
[2.071s] Level 1:colcon.colcon_core.package_identification:_identify(src) by extension 'ignore_ament_install'
[2.071s] Level 1:colcon.colcon_core.package_identification:_identify(src) by extensions ['colcon_pkg']
[2.072s] Level 1:colcon.colcon_core.package_identification:_identify(src) by extension 'colcon_pkg'
[2.072s] Level 1:colcon.colcon_core.package_identification:_identify(src) by extensions ['colcon_meta']
[2.072s] Level 1:colcon.colcon_core.package_identification:_identify(src) by extension 'colcon_meta'
[2.073s] Level 1:colcon.colcon_core.package_identification:_identify(src) by extensions ['ros']
[2.073s] Level 1:colcon.colcon_core.package_identification:_identify(src) by extension 'ros'
[2.074s] Level 1:colcon.colcon_core.package_identification:_identify(src) by extensions ['cmake', 'python']
[2.074s] Level 1:colcon.colcon_core.package_identification:_identify(src) by extension 'cmake'
[2.075s] Level 1:colcon.colcon_core.package_identification:_identify(src) by extension 'python'
[2.075s] Level 1:colcon.colcon_core.package_identification:_identify(src) by extensions ['python_setup_py']
[2.075s] Level 1:colcon.colcon_core.package_identification:_identify(src) by extension 'python_setup_py'
[2.076s] Level 1:colcon.colcon_core.package_identification:_identify(src/smart_watering) by extensions ['ignore', 'ignore_ament_install']
[2.077s] Level 1:colcon.colcon_core.package_identification:_identify(src/smart_watering) by extension 'ignore'
[2.078s] Level 1:colcon.colcon_core.package_identification:_identify(src/smart_watering) by extension 'ignore_ament_install'
[2.078s] Level 1:colcon.colcon_core.package_identification:_identify(src/smart_watering) by extensions ['colcon_pkg']
[2.079s] Level 1:colcon.colcon_core.package_identification:_identify(src/smart_watering) by extension 'colcon_pkg'
[2.079s] Level 1:colcon.colcon_core.package_identification:_identify(src/smart_watering) by extensions ['colcon_meta']
[2.079s] Level 1:colcon.colcon_core.package_identification:_identify(src/smart_watering) by extension 'colcon_meta'
[2.080s] Level 1:colcon.colcon_core.package_identification:_identify(src/smart_watering) by extensions ['ros']
[2.080s] Level 1:colcon.colcon_core.package_identification:_identify(src/smart_watering) by extension 'ros'
[2.104s] DEBUG:colcon.colcon_core.package_identification:Package 'src/smart_watering' with type 'ros.ament_python' and name 'smart_watering'
[2.104s] Level 1:colcon.colcon_core.package_discovery:discover_packages(recursive) using defaults
[2.105s] Level 1:colcon.colcon_core.package_discovery:discover_packages(ignore) discover
[2.105s] Level 1:colcon.colcon_core.package_discovery:discover_packages(ignore) using defaults
[2.106s] Level 1:colcon.colcon_core.package_discovery:discover_packages(path) discover
[2.106s] Level 1:colcon.colcon_core.package_discovery:discover_packages(path) using defaults
[2.295s] Level 1:colcon.colcon_core.package_discovery:discover_packages(prefix_path) check parameters
[2.296s] Level 1:colcon.colcon_core.package_discovery:discover_packages(prefix_path) discover
[2.320s] DEBUG:colcon.colcon_installed_package_information.package_discovery:Found 1 installed packages in /home/selinabreuer/ROS2_smartWateringSystem/ros2_ws/install
[2.340s] DEBUG:colcon.colcon_installed_package_information.package_discovery:Found 285 installed packages in /opt/ros/jazzy
[2.348s] Level 1:colcon.colcon_core.package_discovery:discover_packages(prefix_path) using defaults
[2.911s] Level 5:colcon.colcon_core.verb:set package 'smart_watering' build argument 'cmake_args' from command line to 'None'
[2.912s] Level 5:colcon.colcon_core.verb:set package 'smart_watering' build argument 'cmake_target' from command line to 'None'
[2.912s] Level 5:colcon.colcon_core.verb:set package 'smart_watering' build argument 'cmake_target_skip_unavailable' from command line to 'False'
[2.912s] Level 5:colcon.colcon_core.verb:set package 'smart_watering' build argument 'cmake_clean_cache' from command line to 'False'
[2.912s] Level 5:colcon.colcon_core.verb:set package 'smart_watering' build argument 'cmake_clean_first' from command line to 'False'
[2.912s] Level 5:colcon.colcon_core.verb:set package 'smart_watering' build argument 'cmake_force_configure' from command line to 'False'
[2.913s] Level 5:colcon.colcon_core.verb:set package 'smart_watering' build argument 'ament_cmake_args' from command line to 'None'
[2.913s] Level 5:colcon.colcon_core.verb:set package 'smart_watering' build argument 'catkin_cmake_args' from command line to 'None'
[2.913s] Level 5:colcon.colcon_core.verb:set package 'smart_watering' build argument 'catkin_skip_building_tests' from command line to 'False'
[2.913s] DEBUG:colcon.colcon_core.verb:Building package 'smart_watering' with the following arguments: {'ament_cmake_args': None, 'build_base': '/home/selinabreuer/ROS2_smartWateringSystem/ros2_ws/build/smart_watering', 'catkin_cmake_args': None, 'catkin_skip_building_tests': False, 'cmake_args': None, 'cmake_clean_cache': False, 'cmake_clean_first': False, 'cmake_force_configure': False, 'cmake_target': None, 'cmake_target_skip_unavailable': False, 'install_base': '/home/selinabreuer/ROS2_smartWateringSystem/ros2_ws/install/smart_watering', 'merge_install': False, 'path': '/home/selinabreuer/ROS2_smartWateringSystem/ros2_ws/src/smart_watering', 'symlink_install': False, 'test_result_base': None}
[2.914s] INFO:colcon.colcon_core.executor:Executing jobs using 'parallel' executor
[2.921s] DEBUG:colcon.colcon_parallel_executor.executor.parallel:run_until_complete
[2.924s] INFO:colcon.colcon_ros.task.ament_python.build:Building ROS package in '/home/selinabreuer/ROS2_smartWateringSystem/ros2_ws/src/smart_watering' with build type 'ament_python'
[2.925s] Level 1:colcon.colcon_core.shell:create_environment_hook('smart_watering', 'ament_prefix_path')
[2.966s] INFO:colcon.colcon_core.plugin_system:Skipping extension 'colcon_core.shell.bat': Not used on non-Windows systems
[2.967s] INFO:colcon.colcon_core.shell:Creating environment hook '/home/selinabreuer/ROS2_smartWateringSystem/ros2_ws/install/smart_watering/share/smart_watering/hook/ament_prefix_path.ps1'
[2.973s] INFO:colcon.colcon_core.shell:Creating environment descriptor '/home/selinabreuer/ROS2_smartWateringSystem/ros2_ws/install/smart_watering/share/smart_watering/hook/ament_prefix_path.dsv'
[2.977s] INFO:colcon.colcon_core.shell:Creating environment hook '/home/selinabreuer/ROS2_smartWateringSystem/ros2_ws/install/smart_watering/share/smart_watering/hook/ament_prefix_path.sh'
[2.984s] INFO:colcon.colcon_core.shell:Skip shell extension 'powershell' for command environment: Not usable outside of PowerShell
[2.985s] DEBUG:colcon.colcon_core.shell:Skip shell extension 'dsv' for command environment
[5.473s] INFO:colcon.colcon_core.task.python.build:Building Python package in '/home/selinabreuer/ROS2_smartWateringSystem/ros2_ws/src/smart_watering'
[5.475s] INFO:colcon.colcon_core.shell:Skip shell extension 'powershell' for command environment: Not usable outside of PowerShell
[5.476s] DEBUG:colcon.colcon_core.shell:Skip shell extension 'dsv' for command environment
[13.030s] DEBUG:colcon.colcon_core.event_handler.log_command:Invoking command in '/home/selinabreuer/ROS2_smartWateringSystem/ros2_ws/src/smart_watering': PS1=(venv) \[\e]0;\u@\h: \w\a\]${debian_chroot:+($debian_chroot)}\[\033[01;32m\]\u@\h\[\033[00m\]:\[\033[01;34m\]\w\[\033[00m\]\$ PYTHONPATH=/home/selinabreuer/ROS2_smartWateringSystem/ros2_ws/build/smart_watering/prefix_override:/usr/lib/python3/dist-packages/colcon_core/task/python/colcon_distutils_commands:/home/selinabreuer/ROS2_smartWateringSystem/ros2_ws/install/smart_watering/lib/python3.12/site-packages:${PYTHONPATH} VIRTUAL_ENV_PROMPT=(venv) /usr/bin/python3 -W ignore:setup.py install is deprecated -W ignore:easy_install command is deprecated setup.py egg_info --egg-base ../../build/smart_watering build --build-base /home/selinabreuer/ROS2_smartWateringSystem/ros2_ws/build/smart_watering/build install --record /home/selinabreuer/ROS2_smartWateringSystem/ros2_ws/build/smart_watering/install.log --single-version-externally-managed install_data
[19.689s] DEBUG:colcon.colcon_core.event_handler.log_command:Invoked command in '/home/selinabreuer/ROS2_smartWateringSystem/ros2_ws/src/smart_watering' returned '0': PS1=(venv) \[\e]0;\u@\h: \w\a\]${debian_chroot:+($debian_chroot)}\[\033[01;32m\]\u@\h\[\033[00m\]:\[\033[01;34m\]\w\[\033[00m\]\$ PYTHONPATH=/home/selinabreuer/ROS2_smartWateringSystem/ros2_ws/build/smart_watering/prefix_override:/usr/lib/python3/dist-packages/colcon_core/task/python/colcon_distutils_commands:/home/selinabreuer/ROS2_smartWateringSystem/ros2_ws/install/smart_watering/lib/python3.12/site-packages:${PYTHONPATH} VIRTUAL_ENV_PROMPT=(venv) /usr/bin/python3 -W ignore:setup.py install is deprecated -W ignore:easy_install command is deprecated setup.py egg_info --egg-base ../../build/smart_watering build --build-base /home/selinabreuer/ROS2_smartWateringSystem/ros2_ws/build/smart_watering/build install --record /home/selinabreuer/ROS2_smartWateringSystem/ros2_ws/build/smart_watering/install.log --single-version-externally-managed install_data
[19.734s] Level 1:colcon.colcon_core.environment:checking '/home/selinabreuer/ROS2_smartWateringSystem/ros2_ws/install/smart_watering' for CMake module files
[19.741s] Level 1:colcon.colcon_core.environment:checking '/home/selinabreuer/ROS2_smartWateringSystem/ros2_ws/install/smart_watering' for CMake config files
[19.750s] Level 1:colcon.colcon_core.environment:checking '/home/selinabreuer/ROS2_smartWateringSystem/ros2_ws/install/smart_watering/lib'
[19.752s] Level 1:colcon.colcon_core.environment:checking '/home/selinabreuer/ROS2_smartWateringSystem/ros2_ws/install/smart_watering/bin'
[19.753s] Level 1:colcon.colcon_core.environment:checking '/home/selinabreuer/ROS2_smartWateringSystem/ros2_ws/install/smart_watering/lib/pkgconfig/smart_watering.pc'
[19.755s] Level 1:colcon.colcon_core.environment:checking '/home/selinabreuer/ROS2_smartWateringSystem/ros2_ws/install/smart_watering/lib/python3.12/site-packages'
[19.756s] Level 1:colcon.colcon_core.shell:create_environment_hook('smart_watering', 'pythonpath')
[19.758s] INFO:colcon.colcon_core.shell:Creating environment hook '/home/selinabreuer/ROS2_smartWateringSystem/ros2_ws/install/smart_watering/share/smart_watering/hook/pythonpath.ps1'
[19.762s] INFO:colcon.colcon_core.shell:Creating environment descriptor '/home/selinabreuer/ROS2_smartWateringSystem/ros2_ws/install/smart_watering/share/smart_watering/hook/pythonpath.dsv'
[19.766s] INFO:colcon.colcon_core.shell:Creating environment hook '/home/selinabreuer/ROS2_smartWateringSystem/ros2_ws/install/smart_watering/share/smart_watering/hook/pythonpath.sh'
[19.772s] Level 1:colcon.colcon_core.environment:checking '/home/selinabreuer/ROS2_smartWateringSystem/ros2_ws/install/smart_watering/bin'
[19.773s] Level 1:colcon.colcon_core.environment:create_environment_scripts_only(smart_watering)
[19.775s] INFO:colcon.colcon_core.shell:Creating package script '/home/selinabreuer/ROS2_smartWateringSystem/ros2_ws/install/smart_watering/share/smart_watering/package.ps1'
[19.782s] INFO:colcon.colcon_core.shell:Creating package descriptor '/home/selinabreuer/ROS2_smartWateringSystem/ros2_ws/install/smart_watering/share/smart_watering/package.dsv'
[19.788s] INFO:colcon.colcon_core.shell:Creating package script '/home/selinabreuer/ROS2_smartWateringSystem/ros2_ws/install/smart_watering/share/smart_watering/package.sh'
[19.796s] INFO:colcon.colcon_core.shell:Creating package script '/home/selinabreuer/ROS2_smartWateringSystem/ros2_ws/install/smart_watering/share/smart_watering/package.bash'
[19.804s] INFO:colcon.colcon_core.shell:Creating package script '/home/selinabreuer/ROS2_smartWateringSystem/ros2_ws/install/smart_watering/share/smart_watering/package.zsh'
[19.811s] Level 1:colcon.colcon_core.environment:create_file_with_runtime_dependencies(/home/selinabreuer/ROS2_smartWateringSystem/ros2_ws/install/smart_watering/share/colcon-core/packages/smart_watering)
[19.813s] DEBUG:colcon.colcon_parallel_executor.executor.parallel:closing loop
[19.817s] DEBUG:colcon.colcon_parallel_executor.executor.parallel:loop closed
[19.818s] DEBUG:colcon.colcon_parallel_executor.executor.parallel:run_until_complete finished with '0'
[19.818s] DEBUG:colcon.colcon_core.event_reactor:joining thread
[19.897s] INFO:colcon.colcon_core.plugin_system:Skipping extension 'colcon_notification.desktop_notification.notify_send': Could not find 'notify-send'
[19.899s] INFO:colcon.colcon_core.plugin_system:Skipping extension 'colcon_notification.desktop_notification.terminal_notifier': Not used on non-Darwin systems
[19.900s] INFO:colcon.colcon_core.plugin_system:Skipping extension 'colcon_notification.desktop_notification.win32': Not used on non-Windows systems
[19.901s] INFO:colcon.colcon_notification.desktop_notification:Sending desktop notification using 'notify2'
[19.912s] DEBUG:colcon.colcon_notification.desktop_notification.notify2:Failed to initialize notify2: org.freedesktop.DBus.Error.ServiceUnknown: The name org.freedesktop.Notifications was not provided by any .service files
[19.913s] DEBUG:colcon.colcon_core.event_reactor:joined thread
[19.915s] INFO:colcon.colcon_core.shell:Creating prefix script '/home/selinabreuer/ROS2_smartWateringSystem/ros2_ws/install/local_setup.ps1'
[19.922s] INFO:colcon.colcon_core.shell:Creating prefix util module '/home/selinabreuer/ROS2_smartWateringSystem/ros2_ws/install/_local_setup_util_ps1.py'
[19.933s] INFO:colcon.colcon_core.shell:Creating prefix chain script '/home/selinabreuer/ROS2_smartWateringSystem/ros2_ws/install/setup.ps1'
[19.941s] INFO:colcon.colcon_core.shell:Creating prefix script '/home/selinabreuer/ROS2_smartWateringSystem/ros2_ws/install/local_setup.sh'
[19.946s] INFO:colcon.colcon_core.shell:Creating prefix util module '/home/selinabreuer/ROS2_smartWateringSystem/ros2_ws/install/_local_setup_util_sh.py'
[19.952s] INFO:colcon.colcon_core.shell:Creating prefix chain script '/home/selinabreuer/ROS2_smartWateringSystem/ros2_ws/install/setup.sh'
[19.961s] INFO:colcon.colcon_core.shell:Creating prefix script '/home/selinabreuer/ROS2_smartWateringSystem/ros2_ws/install/local_setup.bash'
[19.965s] INFO:colcon.colcon_core.shell:Creating prefix chain script '/home/selinabreuer/ROS2_smartWateringSystem/ros2_ws/install/setup.bash'
[19.973s] INFO:colcon.colcon_core.shell:Creating prefix script '/home/selinabreuer/ROS2_smartWateringSystem/ros2_ws/install/local_setup.zsh'
[19.977s] INFO:colcon.colcon_core.shell:Creating prefix chain script '/home/selinabreuer/ROS2_smartWateringSystem/ros2_ws/install/setup.zsh'
